[12.074s] Invoking command in '/home/pi/ros2_ws/src/sps30_publisher': PYTHONPATH=/home/pi/ros2_ws/build/sps30_publisher/prefix_override:/usr/lib/python3/dist-packages/colcon_core/task/python/colcon_distutils_commands:/home/pi/ros2_ws/install/sps30_publisher/lib/python3.12/site-packages:${PYTHONPATH} /usr/bin/python3 -W ignore:setup.py install is deprecated -W ignore:easy_install command is deprecated setup.py egg_info --egg-base ../../build/sps30_publisher build --build-base /home/pi/ros2_ws/build/sps30_publisher/build install --record /home/pi/ros2_ws/build/sps30_publisher/install.log --single-version-externally-managed install_data
[15.478s] running egg_info
[15.753s] writing ../../build/sps30_publisher/sps30_publisher.egg-info/PKG-INFO
[15.756s] writing dependency_links to ../../build/sps30_publisher/sps30_publisher.egg-info/dependency_links.txt
[15.758s] writing entry points to ../../build/sps30_publisher/sps30_publisher.egg-info/entry_points.txt
[15.760s] writing requirements to ../../build/sps30_publisher/sps30_publisher.egg-info/requires.txt
[15.762s] writing top-level names to ../../build/sps30_publisher/sps30_publisher.egg-info/top_level.txt
[16.334s] reading manifest file '../../build/sps30_publisher/sps30_publisher.egg-info/SOURCES.txt'
[16.343s] writing manifest file '../../build/sps30_publisher/sps30_publisher.egg-info/SOURCES.txt'
[16.345s] running build
[16.346s] running build_py
[16.353s] running install
[16.424s] running install_lib
[16.713s] running install_data
[16.714s] running install_egg_info
[17.010s] removing '/home/pi/ros2_ws/install/sps30_publisher/lib/python3.12/site-packages/sps30_publisher-0.0.0-py3.12.egg-info' (and everything under it)
[17.014s] Copying ../../build/sps30_publisher/sps30_publisher.egg-info to /home/pi/ros2_ws/install/sps30_publisher/lib/python3.12/site-packages/sps30_publisher-0.0.0-py3.12.egg-info
[17.029s] running install_scripts
[18.852s] Installing sps30_publisher script to /home/pi/ros2_ws/install/sps30_publisher/lib/sps30_publisher
[18.857s] writing list of installed files to '/home/pi/ros2_ws/build/sps30_publisher/install.log'
[19.222s] Invoked command in '/home/pi/ros2_ws/src/sps30_publisher' returned '0': PYTHONPATH=/home/pi/ros2_ws/build/sps30_publisher/prefix_override:/usr/lib/python3/dist-packages/colcon_core/task/python/colcon_distutils_commands:/home/pi/ros2_ws/install/sps30_publisher/lib/python3.12/site-packages:${PYTHONPATH} /usr/bin/python3 -W ignore:setup.py install is deprecated -W ignore:easy_install command is deprecated setup.py egg_info --egg-base ../../build/sps30_publisher build --build-base /home/pi/ros2_ws/build/sps30_publisher/build install --record /home/pi/ros2_ws/build/sps30_publisher/install.log --single-version-externally-managed install_data
