[12.278s] Invoking command in '/home/pi/ros2_ws/src/sps30_listener': PS1=(venv) \[\e]0;\u@\h: \w\a\]${debian_chroot:+($debian_chroot)}\u@\h:\w\$ PYTHONPATH=/home/pi/ros2_ws/build/sps30_listener/prefix_override:/usr/lib/python3/dist-packages/colcon_core/task/python/colcon_distutils_commands:/home/pi/ros2_ws/install/sps30_listener/lib/python3.12/site-packages:${PYTHONPATH} VIRTUAL_ENV_PROMPT=(venv) /usr/bin/python3 -W ignore:setup.py install is deprecated -W ignore:easy_install command is deprecated setup.py egg_info --egg-base ../../build/sps30_listener build --build-base /home/pi/ros2_ws/build/sps30_listener/build install --record /home/pi/ros2_ws/build/sps30_listener/install.log --single-version-externally-managed install_data
[15.705s] running egg_info
[15.981s] writing ../../build/sps30_listener/sps30_listener.egg-info/PKG-INFO
[15.983s] writing dependency_links to ../../build/sps30_listener/sps30_listener.egg-info/dependency_links.txt
[15.985s] writing entry points to ../../build/sps30_listener/sps30_listener.egg-info/entry_points.txt
[15.989s] writing requirements to ../../build/sps30_listener/sps30_listener.egg-info/requires.txt
[15.991s] writing top-level names to ../../build/sps30_listener/sps30_listener.egg-info/top_level.txt
[16.554s] reading manifest file '../../build/sps30_listener/sps30_listener.egg-info/SOURCES.txt'
[16.562s] writing manifest file '../../build/sps30_listener/sps30_listener.egg-info/SOURCES.txt'
[16.564s] running build
[16.565s] running build_py
[16.568s] running install
[16.644s] running install_lib
[16.930s] running install_data
[16.932s] running install_egg_info
[17.224s] removing '/home/pi/ros2_ws/install/sps30_listener/lib/python3.12/site-packages/sps30_listener-0.0.0-py3.12.egg-info' (and everything under it)
[17.229s] Copying ../../build/sps30_listener/sps30_listener.egg-info to /home/pi/ros2_ws/install/sps30_listener/lib/python3.12/site-packages/sps30_listener-0.0.0-py3.12.egg-info
[17.243s] running install_scripts
[19.115s] Installing sps30_listener script to /home/pi/ros2_ws/install/sps30_listener/lib/sps30_listener
[19.120s] writing list of installed files to '/home/pi/ros2_ws/build/sps30_listener/install.log'
[19.483s] Invoked command in '/home/pi/ros2_ws/src/sps30_listener' returned '0': PS1=(venv) \[\e]0;\u@\h: \w\a\]${debian_chroot:+($debian_chroot)}\u@\h:\w\$ PYTHONPATH=/home/pi/ros2_ws/build/sps30_listener/prefix_override:/usr/lib/python3/dist-packages/colcon_core/task/python/colcon_distutils_commands:/home/pi/ros2_ws/install/sps30_listener/lib/python3.12/site-packages:${PYTHONPATH} VIRTUAL_ENV_PROMPT=(venv) /usr/bin/python3 -W ignore:setup.py install is deprecated -W ignore:easy_install command is deprecated setup.py egg_info --egg-base ../../build/sps30_listener build --build-base /home/pi/ros2_ws/build/sps30_listener/build install --record /home/pi/ros2_ws/build/sps30_listener/install.log --single-version-externally-managed install_data
