running develop
Removing /home/pi/ros2_ws/install/sps30_publisher/lib/python3.12/site-packages/sps30-publisher.egg-link (link to .)
running egg_info
writing ../../build/sps30_publisher/sps30_publisher.egg-info/PKG-INFO
writing dependency_links to ../../build/sps30_publisher/sps30_publisher.egg-info/dependency_links.txt
writing entry points to ../../build/sps30_publisher/sps30_publisher.egg-info/entry_points.txt
writing requirements to ../../build/sps30_publisher/sps30_publisher.egg-info/requires.txt
writing top-level names to ../../build/sps30_publisher/sps30_publisher.egg-info/top_level.txt
reading manifest file '../../build/sps30_publisher/sps30_publisher.egg-info/SOURCES.txt'
writing manifest file '../../build/sps30_publisher/sps30_publisher.egg-info/SOURCES.txt'
running build
running build_py
creating /home/pi/ros2_ws/build/sps30_publisher/build
creating /home/pi/ros2_ws/build/sps30_publisher/build/lib
creating /home/pi/ros2_ws/build/sps30_publisher/build/lib/sps30
copying sps30/example.py -> /home/pi/ros2_ws/build/sps30_publisher/build/lib/sps30
copying sps30/run_and_ttn.py -> /home/pi/ros2_ws/build/sps30_publisher/build/lib/sps30
copying sps30/sps30.py -> /home/pi/ros2_ws/build/sps30_publisher/build/lib/sps30
copying sps30/__init__.py -> /home/pi/ros2_ws/build/sps30_publisher/build/lib/sps30
copying sps30/sps30_publisher.py -> /home/pi/ros2_ws/build/sps30_publisher/build/lib/sps30
creating /home/pi/ros2_ws/build/sps30_publisher/build/lib/sps30/i2c
copying sps30/i2c/i2c.py -> /home/pi/ros2_ws/build/sps30_publisher/build/lib/sps30/i2c
copying sps30/i2c/__init__.py -> /home/pi/ros2_ws/build/sps30_publisher/build/lib/sps30/i2c
running install
running install_lib
creating /home/pi/ros2_ws/install/sps30_publisher/lib/python3.12/site-packages/sps30
copying /home/pi/ros2_ws/build/sps30_publisher/build/lib/sps30/example.py -> /home/pi/ros2_ws/install/sps30_publisher/lib/python3.12/site-packages/sps30
copying /home/pi/ros2_ws/build/sps30_publisher/build/lib/sps30/run_and_ttn.py -> /home/pi/ros2_ws/install/sps30_publisher/lib/python3.12/site-packages/sps30
copying /home/pi/ros2_ws/build/sps30_publisher/build/lib/sps30/sps30.py -> /home/pi/ros2_ws/install/sps30_publisher/lib/python3.12/site-packages/sps30
creating /home/pi/ros2_ws/install/sps30_publisher/lib/python3.12/site-packages/sps30/i2c
copying /home/pi/ros2_ws/build/sps30_publisher/build/lib/sps30/i2c/i2c.py -> /home/pi/ros2_ws/install/sps30_publisher/lib/python3.12/site-packages/sps30/i2c
copying /home/pi/ros2_ws/build/sps30_publisher/build/lib/sps30/i2c/__init__.py -> /home/pi/ros2_ws/install/sps30_publisher/lib/python3.12/site-packages/sps30/i2c
copying /home/pi/ros2_ws/build/sps30_publisher/build/lib/sps30/__init__.py -> /home/pi/ros2_ws/install/sps30_publisher/lib/python3.12/site-packages/sps30
copying /home/pi/ros2_ws/build/sps30_publisher/build/lib/sps30/sps30_publisher.py -> /home/pi/ros2_ws/install/sps30_publisher/lib/python3.12/site-packages/sps30
byte-compiling /home/pi/ros2_ws/install/sps30_publisher/lib/python3.12/site-packages/sps30/example.py to example.cpython-312.pyc
byte-compiling /home/pi/ros2_ws/install/sps30_publisher/lib/python3.12/site-packages/sps30/run_and_ttn.py to run_and_ttn.cpython-312.pyc
byte-compiling /home/pi/ros2_ws/install/sps30_publisher/lib/python3.12/site-packages/sps30/sps30.py to sps30.cpython-312.pyc
byte-compiling /home/pi/ros2_ws/install/sps30_publisher/lib/python3.12/site-packages/sps30/i2c/i2c.py to i2c.cpython-312.pyc
byte-compiling /home/pi/ros2_ws/install/sps30_publisher/lib/python3.12/site-packages/sps30/i2c/__init__.py to __init__.cpython-312.pyc
byte-compiling /home/pi/ros2_ws/install/sps30_publisher/lib/python3.12/site-packages/sps30/__init__.py to __init__.cpython-312.pyc
byte-compiling /home/pi/ros2_ws/install/sps30_publisher/lib/python3.12/site-packages/sps30/sps30_publisher.py to sps30_publisher.cpython-312.pyc
running install_data
copying resource/sps30_publisher -> /home/pi/ros2_ws/install/sps30_publisher/share/ament_index/resource_index/packages
copying package.xml -> /home/pi/ros2_ws/install/sps30_publisher/share/sps30_publisher
running install_egg_info
Copying ../../build/sps30_publisher/sps30_publisher.egg-info to /home/pi/ros2_ws/install/sps30_publisher/lib/python3.12/site-packages/sps30_publisher-0.0.0-py3.12.egg-info
running install_scripts
Installing sps30_publisher script to /home/pi/ros2_ws/install/sps30_publisher/lib/sps30_publisher
writing list of installed files to '/home/pi/ros2_ws/build/sps30_publisher/install.log'
