running egg_info
writing ../../build/sps30_listener/sps30_listener.egg-info/PKG-INFO
writing dependency_links to ../../build/sps30_listener/sps30_listener.egg-info/dependency_links.txt
writing entry points to ../../build/sps30_listener/sps30_listener.egg-info/entry_points.txt
writing requirements to ../../build/sps30_listener/sps30_listener.egg-info/requires.txt
writing top-level names to ../../build/sps30_listener/sps30_listener.egg-info/top_level.txt
reading manifest file '../../build/sps30_listener/sps30_listener.egg-info/SOURCES.txt'
writing manifest file '../../build/sps30_listener/sps30_listener.egg-info/SOURCES.txt'
running build
running build_py
copying sps30_listener/listener.py -> /home/pi/ros2_ws/build/sps30_listener/build/lib/sps30_listener
copying sps30_listener/listener_old_working.py -> /home/pi/ros2_ws/build/sps30_listener/build/lib/sps30_listener
running install
running install_lib
copying /home/pi/ros2_ws/build/sps30_listener/build/lib/sps30_listener/listener.py -> /home/pi/ros2_ws/install/sps30_listener/lib/python3.12/site-packages/sps30_listener
copying /home/pi/ros2_ws/build/sps30_listener/build/lib/sps30_listener/listener_old_working.py -> /home/pi/ros2_ws/install/sps30_listener/lib/python3.12/site-packages/sps30_listener
byte-compiling /home/pi/ros2_ws/install/sps30_listener/lib/python3.12/site-packages/sps30_listener/listener.py to listener.cpython-312.pyc
byte-compiling /home/pi/ros2_ws/install/sps30_listener/lib/python3.12/site-packages/sps30_listener/listener_old_working.py to listener_old_working.cpython-312.pyc
running install_data
running install_egg_info
removing '/home/pi/ros2_ws/install/sps30_listener/lib/python3.12/site-packages/sps30_listener-0.0.0-py3.12.egg-info' (and everything under it)
Copying ../../build/sps30_listener/sps30_listener.egg-info to /home/pi/ros2_ws/install/sps30_listener/lib/python3.12/site-packages/sps30_listener-0.0.0-py3.12.egg-info
running install_scripts
Installing sps30_listener script to /home/pi/ros2_ws/install/sps30_listener/lib/sps30_listener
writing list of installed files to '/home/pi/ros2_ws/build/sps30_listener/install.log'
