[14.209s] Invoking command in '/home/pi/ros2_ws/src/sps30_listener': PYTHONPATH=/home/pi/ros2_ws/build/sps30_listener/prefix_override:/usr/lib/python3/dist-packages/colcon_core/task/python/colcon_distutils_commands:/home/pi/ros2_ws/install/sps30_listener/lib/python3.12/site-packages:${PYTHONPATH} /usr/bin/python3 -W ignore:setup.py install is deprecated -W ignore:easy_install command is deprecated setup.py egg_info --egg-base ../../build/sps30_listener build --build-base /home/pi/ros2_ws/build/sps30_listener/build install --record /home/pi/ros2_ws/build/sps30_listener/install.log --single-version-externally-managed install_data
[17.748s] running egg_info
[17.982s] writing ../../build/sps30_listener/sps30_listener.egg-info/PKG-INFO
[17.986s] writing dependency_links to ../../build/sps30_listener/sps30_listener.egg-info/dependency_links.txt
[17.990s] writing entry points to ../../build/sps30_listener/sps30_listener.egg-info/entry_points.txt
[17.995s] writing requirements to ../../build/sps30_listener/sps30_listener.egg-info/requires.txt
[17.999s] writing top-level names to ../../build/sps30_listener/sps30_listener.egg-info/top_level.txt
[18.570s] reading manifest file '../../build/sps30_listener/sps30_listener.egg-info/SOURCES.txt'
[18.580s] writing manifest file '../../build/sps30_listener/sps30_listener.egg-info/SOURCES.txt'
[18.584s] running build
[18.586s] running build_py
[18.590s] copying sps30_listener/listener.py -> /home/pi/ros2_ws/build/sps30_listener/build/lib/sps30_listener
[18.592s] copying sps30_listener/listener_old_working.py -> /home/pi/ros2_ws/build/sps30_listener/build/lib/sps30_listener
[18.593s] running install
[18.664s] running install_lib
[18.949s] copying /home/pi/ros2_ws/build/sps30_listener/build/lib/sps30_listener/listener.py -> /home/pi/ros2_ws/install/sps30_listener/lib/python3.12/site-packages/sps30_listener
[18.952s] copying /home/pi/ros2_ws/build/sps30_listener/build/lib/sps30_listener/listener_old_working.py -> /home/pi/ros2_ws/install/sps30_listener/lib/python3.12/site-packages/sps30_listener
[18.958s] byte-compiling /home/pi/ros2_ws/install/sps30_listener/lib/python3.12/site-packages/sps30_listener/listener.py to listener.cpython-312.pyc
[18.970s] byte-compiling /home/pi/ros2_ws/install/sps30_listener/lib/python3.12/site-packages/sps30_listener/listener_old_working.py to listener_old_working.cpython-312.pyc
[18.979s] running install_data
[18.982s] running install_egg_info
[19.279s] removing '/home/pi/ros2_ws/install/sps30_listener/lib/python3.12/site-packages/sps30_listener-0.0.0-py3.12.egg-info' (and everything under it)
[19.283s] Copying ../../build/sps30_listener/sps30_listener.egg-info to /home/pi/ros2_ws/install/sps30_listener/lib/python3.12/site-packages/sps30_listener-0.0.0-py3.12.egg-info
[19.298s] running install_scripts
[21.158s] Installing sps30_listener script to /home/pi/ros2_ws/install/sps30_listener/lib/sps30_listener
[21.162s] writing list of installed files to '/home/pi/ros2_ws/build/sps30_listener/install.log'
[21.654s] Invoked command in '/home/pi/ros2_ws/src/sps30_listener' returned '0': PYTHONPATH=/home/pi/ros2_ws/build/sps30_listener/prefix_override:/usr/lib/python3/dist-packages/colcon_core/task/python/colcon_distutils_commands:/home/pi/ros2_ws/install/sps30_listener/lib/python3.12/site-packages:${PYTHONPATH} /usr/bin/python3 -W ignore:setup.py install is deprecated -W ignore:easy_install command is deprecated setup.py egg_info --egg-base ../../build/sps30_listener build --build-base /home/pi/ros2_ws/build/sps30_listener/build install --record /home/pi/ros2_ws/build/sps30_listener/install.log --single-version-externally-managed install_data
