[1.107s] DEBUG:colcon:Command line arguments: ['/usr/bin/colcon', 'build', '--symlink-install']
[1.108s] DEBUG:colcon:Parsed command line arguments: Namespace(log_base=None, log_level=None, verb_name='build', build_base='build', install_base='install', merge_install=False, symlink_install=True, test_result_base=None, continue_on_error=False, executor='parallel', parallel_workers=4, event_handlers=None, ignore_user_meta=False, metas=['./colcon.meta'], base_paths=['.'], packages_ignore=None, packages_ignore_regex=None, paths=None, packages_up_to=None, packages_up_to_regex=None, packages_above=None, packages_above_and_dependencies=None, packages_above_depth=None, packages_select_by_dep=None, packages_skip_by_dep=None, packages_skip_up_to=None, packages_select_build_failed=False, packages_skip_build_finished=False, packages_select_test_failures=False, packages_skip_test_passed=False, packages_select=None, packages_skip=None, packages_select_regex=None, packages_skip_regex=None, packages_start=None, packages_end=None, allow_overriding=[], cmake_args=None, cmake_target=None, cmake_target_skip_unavailable=False, cmake_clean_cache=False, cmake_clean_first=False, cmake_force_configure=False, ament_cmake_args=None, catkin_cmake_args=None, catkin_skip_building_tests=False, mixin_files=None, mixin=None, verb_parser=<colcon_mixin.mixin.mixin_argument.MixinArgumentDecorator object at 0xffffa204a720>, verb_extension=<colcon_core.verb.build.BuildVerb object at 0xffffa21a6e70>, main=<bound method BuildVerb.main of <colcon_core.verb.build.BuildVerb object at 0xffffa21a6e70>>, mixin_verb=('build',))
[1.490s] Level 1:colcon.colcon_core.package_discovery:discover_packages(colcon_meta) check parameters
[1.491s] Level 1:colcon.colcon_core.package_discovery:discover_packages(recursive) check parameters
[1.491s] Level 1:colcon.colcon_core.package_discovery:discover_packages(ignore) check parameters
[1.492s] Level 1:colcon.colcon_core.package_discovery:discover_packages(path) check parameters
[1.492s] Level 1:colcon.colcon_core.package_discovery:discover_packages(colcon_meta) discover
[1.492s] Level 1:colcon.colcon_core.package_discovery:discover_packages(recursive) discover
[1.493s] INFO:colcon.colcon_core.package_discovery:Crawling recursively for packages in '/home/pi/ros2_ws'
[1.493s] Level 1:colcon.colcon_core.package_identification:_identify(.) by extensions ['ignore', 'ignore_ament_install']
[1.494s] Level 1:colcon.colcon_core.package_identification:_identify(.) by extension 'ignore'
[1.495s] Level 1:colcon.colcon_core.package_identification:_identify(.) by extension 'ignore_ament_install'
[1.495s] Level 1:colcon.colcon_core.package_identification:_identify(.) by extensions ['colcon_pkg']
[1.495s] Level 1:colcon.colcon_core.package_identification:_identify(.) by extension 'colcon_pkg'
[1.496s] Level 1:colcon.colcon_core.package_identification:_identify(.) by extensions ['colcon_meta']
[1.496s] Level 1:colcon.colcon_core.package_identification:_identify(.) by extension 'colcon_meta'
[1.496s] Level 1:colcon.colcon_core.package_identification:_identify(.) by extensions ['ros']
[1.497s] Level 1:colcon.colcon_core.package_identification:_identify(.) by extension 'ros'
[1.739s] Level 1:colcon.colcon_core.package_identification:_identify(.) by extensions ['cmake', 'python']
[1.740s] Level 1:colcon.colcon_core.package_identification:_identify(.) by extension 'cmake'
[1.740s] Level 1:colcon.colcon_core.package_identification:_identify(.) by extension 'python'
[1.741s] Level 1:colcon.colcon_core.package_identification:_identify(.) by extensions ['python_setup_py']
[1.741s] Level 1:colcon.colcon_core.package_identification:_identify(.) by extension 'python_setup_py'
[1.742s] Level 1:colcon.colcon_core.package_identification:_identify(build) by extensions ['ignore', 'ignore_ament_install']
[1.743s] Level 1:colcon.colcon_core.package_identification:_identify(build) by extension 'ignore'
[1.743s] Level 1:colcon.colcon_core.package_identification:_identify(build) ignored
[1.745s] Level 1:colcon.colcon_core.package_identification:_identify(install) by extensions ['ignore', 'ignore_ament_install']
[1.745s] Level 1:colcon.colcon_core.package_identification:_identify(install) by extension 'ignore'
[1.746s] Level 1:colcon.colcon_core.package_identification:_identify(install) ignored
[1.747s] Level 1:colcon.colcon_core.package_identification:_identify(log) by extensions ['ignore', 'ignore_ament_install']
[1.747s] Level 1:colcon.colcon_core.package_identification:_identify(log) by extension 'ignore'
[1.748s] Level 1:colcon.colcon_core.package_identification:_identify(log) ignored
[1.749s] Level 1:colcon.colcon_core.package_identification:_identify(src) by extensions ['ignore', 'ignore_ament_install']
[1.749s] Level 1:colcon.colcon_core.package_identification:_identify(src) by extension 'ignore'
[1.750s] Level 1:colcon.colcon_core.package_identification:_identify(src) by extension 'ignore_ament_install'
[1.750s] Level 1:colcon.colcon_core.package_identification:_identify(src) by extensions ['colcon_pkg']
[1.751s] Level 1:colcon.colcon_core.package_identification:_identify(src) by extension 'colcon_pkg'
[1.751s] Level 1:colcon.colcon_core.package_identification:_identify(src) by extensions ['colcon_meta']
[1.751s] Level 1:colcon.colcon_core.package_identification:_identify(src) by extension 'colcon_meta'
[1.752s] Level 1:colcon.colcon_core.package_identification:_identify(src) by extensions ['ros']
[1.752s] Level 1:colcon.colcon_core.package_identification:_identify(src) by extension 'ros'
[1.753s] Level 1:colcon.colcon_core.package_identification:_identify(src) by extensions ['cmake', 'python']
[1.753s] Level 1:colcon.colcon_core.package_identification:_identify(src) by extension 'cmake'
[1.753s] Level 1:colcon.colcon_core.package_identification:_identify(src) by extension 'python'
[1.754s] Level 1:colcon.colcon_core.package_identification:_identify(src) by extensions ['python_setup_py']
[1.754s] Level 1:colcon.colcon_core.package_identification:_identify(src) by extension 'python_setup_py'
[1.755s] Level 1:colcon.colcon_core.package_identification:_identify(src/sps30_listener) by extensions ['ignore', 'ignore_ament_install']
[1.756s] Level 1:colcon.colcon_core.package_identification:_identify(src/sps30_listener) by extension 'ignore'
[1.756s] Level 1:colcon.colcon_core.package_identification:_identify(src/sps30_listener) by extension 'ignore_ament_install'
[1.757s] Level 1:colcon.colcon_core.package_identification:_identify(src/sps30_listener) by extensions ['colcon_pkg']
[1.757s] Level 1:colcon.colcon_core.package_identification:_identify(src/sps30_listener) by extension 'colcon_pkg'
[1.757s] Level 1:colcon.colcon_core.package_identification:_identify(src/sps30_listener) by extensions ['colcon_meta']
[1.758s] Level 1:colcon.colcon_core.package_identification:_identify(src/sps30_listener) by extension 'colcon_meta'
[1.758s] Level 1:colcon.colcon_core.package_identification:_identify(src/sps30_listener) by extensions ['ros']
[1.758s] Level 1:colcon.colcon_core.package_identification:_identify(src/sps30_listener) by extension 'ros'
[1.776s] DEBUG:colcon.colcon_core.package_identification:Package 'src/sps30_listener' with type 'ros.ament_python' and name 'sps30_listener'
[1.777s] Level 1:colcon.colcon_core.package_identification:_identify(src/sps30_publisher) by extensions ['ignore', 'ignore_ament_install']
[1.778s] Level 1:colcon.colcon_core.package_identification:_identify(src/sps30_publisher) by extension 'ignore'
[1.778s] Level 1:colcon.colcon_core.package_identification:_identify(src/sps30_publisher) by extension 'ignore_ament_install'
[1.779s] Level 1:colcon.colcon_core.package_identification:_identify(src/sps30_publisher) by extensions ['colcon_pkg']
[1.779s] Level 1:colcon.colcon_core.package_identification:_identify(src/sps30_publisher) by extension 'colcon_pkg'
[1.779s] Level 1:colcon.colcon_core.package_identification:_identify(src/sps30_publisher) by extensions ['colcon_meta']
[1.780s] Level 1:colcon.colcon_core.package_identification:_identify(src/sps30_publisher) by extension 'colcon_meta'
[1.780s] Level 1:colcon.colcon_core.package_identification:_identify(src/sps30_publisher) by extensions ['ros']
[1.780s] Level 1:colcon.colcon_core.package_identification:_identify(src/sps30_publisher) by extension 'ros'
[1.784s] DEBUG:colcon.colcon_core.package_identification:Package 'src/sps30_publisher' with type 'ros.ament_python' and name 'sps30_publisher'
[1.785s] Level 1:colcon.colcon_core.package_discovery:discover_packages(recursive) using defaults
[1.785s] Level 1:colcon.colcon_core.package_discovery:discover_packages(ignore) discover
[1.786s] Level 1:colcon.colcon_core.package_discovery:discover_packages(ignore) using defaults
[1.786s] Level 1:colcon.colcon_core.package_discovery:discover_packages(path) discover
[1.786s] Level 1:colcon.colcon_core.package_discovery:discover_packages(path) using defaults
[1.942s] Level 1:colcon.colcon_core.package_discovery:discover_packages(prefix_path) check parameters
[1.943s] Level 1:colcon.colcon_core.package_discovery:discover_packages(prefix_path) discover
[1.951s] WARNING:colcon.colcon_ros.prefix_path.ament:The path '/home/pi/ros2_ws/install/sps30_ros' in the environment variable AMENT_PREFIX_PATH doesn't exist
[1.961s] DEBUG:colcon.colcon_installed_package_information.package_discovery:Found 2 installed packages in /home/pi/ros2_ws/install
[1.983s] DEBUG:colcon.colcon_installed_package_information.package_discovery:Found 285 installed packages in /opt/ros/jazzy
[1.992s] Level 1:colcon.colcon_core.package_discovery:discover_packages(prefix_path) using defaults
[2.504s] Level 5:colcon.colcon_core.verb:set package 'sps30_listener' build argument 'cmake_args' from command line to 'None'
[2.505s] Level 5:colcon.colcon_core.verb:set package 'sps30_listener' build argument 'cmake_target' from command line to 'None'
[2.505s] Level 5:colcon.colcon_core.verb:set package 'sps30_listener' build argument 'cmake_target_skip_unavailable' from command line to 'False'
[2.505s] Level 5:colcon.colcon_core.verb:set package 'sps30_listener' build argument 'cmake_clean_cache' from command line to 'False'
[2.505s] Level 5:colcon.colcon_core.verb:set package 'sps30_listener' build argument 'cmake_clean_first' from command line to 'False'
[2.506s] Level 5:colcon.colcon_core.verb:set package 'sps30_listener' build argument 'cmake_force_configure' from command line to 'False'
[2.506s] Level 5:colcon.colcon_core.verb:set package 'sps30_listener' build argument 'ament_cmake_args' from command line to 'None'
[2.506s] Level 5:colcon.colcon_core.verb:set package 'sps30_listener' build argument 'catkin_cmake_args' from command line to 'None'
[2.506s] Level 5:colcon.colcon_core.verb:set package 'sps30_listener' build argument 'catkin_skip_building_tests' from command line to 'False'
[2.506s] DEBUG:colcon.colcon_core.verb:Building package 'sps30_listener' with the following arguments: {'ament_cmake_args': None, 'build_base': '/home/pi/ros2_ws/build/sps30_listener', 'catkin_cmake_args': None, 'catkin_skip_building_tests': False, 'cmake_args': None, 'cmake_clean_cache': False, 'cmake_clean_first': False, 'cmake_force_configure': False, 'cmake_target': None, 'cmake_target_skip_unavailable': False, 'install_base': '/home/pi/ros2_ws/install/sps30_listener', 'merge_install': False, 'path': '/home/pi/ros2_ws/src/sps30_listener', 'symlink_install': True, 'test_result_base': None}
[2.509s] Level 5:colcon.colcon_core.verb:set package 'sps30_publisher' build argument 'cmake_args' from command line to 'None'
[2.510s] Level 5:colcon.colcon_core.verb:set package 'sps30_publisher' build argument 'cmake_target' from command line to 'None'
[2.510s] Level 5:colcon.colcon_core.verb:set package 'sps30_publisher' build argument 'cmake_target_skip_unavailable' from command line to 'False'
[2.510s] Level 5:colcon.colcon_core.verb:set package 'sps30_publisher' build argument 'cmake_clean_cache' from command line to 'False'
[2.510s] Level 5:colcon.colcon_core.verb:set package 'sps30_publisher' build argument 'cmake_clean_first' from command line to 'False'
[2.511s] Level 5:colcon.colcon_core.verb:set package 'sps30_publisher' build argument 'cmake_force_configure' from command line to 'False'
[2.511s] Level 5:colcon.colcon_core.verb:set package 'sps30_publisher' build argument 'ament_cmake_args' from command line to 'None'
[2.511s] Level 5:colcon.colcon_core.verb:set package 'sps30_publisher' build argument 'catkin_cmake_args' from command line to 'None'
[2.511s] Level 5:colcon.colcon_core.verb:set package 'sps30_publisher' build argument 'catkin_skip_building_tests' from command line to 'False'
[2.511s] DEBUG:colcon.colcon_core.verb:Building package 'sps30_publisher' with the following arguments: {'ament_cmake_args': None, 'build_base': '/home/pi/ros2_ws/build/sps30_publisher', 'catkin_cmake_args': None, 'catkin_skip_building_tests': False, 'cmake_args': None, 'cmake_clean_cache': False, 'cmake_clean_first': False, 'cmake_force_configure': False, 'cmake_target': None, 'cmake_target_skip_unavailable': False, 'install_base': '/home/pi/ros2_ws/install/sps30_publisher', 'merge_install': False, 'path': '/home/pi/ros2_ws/src/sps30_publisher', 'symlink_install': True, 'test_result_base': None}
[2.513s] INFO:colcon.colcon_core.executor:Executing jobs using 'parallel' executor
[2.519s] DEBUG:colcon.colcon_parallel_executor.executor.parallel:run_until_complete
[2.521s] INFO:colcon.colcon_ros.task.ament_python.build:Building ROS package in '/home/pi/ros2_ws/src/sps30_listener' with build type 'ament_python'
[2.522s] Level 1:colcon.colcon_core.shell:create_environment_hook('sps30_listener', 'ament_prefix_path')
[2.541s] INFO:colcon.colcon_core.plugin_system:Skipping extension 'colcon_core.shell.bat': Not used on non-Windows systems
[2.543s] INFO:colcon.colcon_core.shell:Creating environment hook '/home/pi/ros2_ws/install/sps30_listener/share/sps30_listener/hook/ament_prefix_path.ps1'
[2.548s] INFO:colcon.colcon_core.shell:Creating environment descriptor '/home/pi/ros2_ws/install/sps30_listener/share/sps30_listener/hook/ament_prefix_path.dsv'
[2.552s] INFO:colcon.colcon_core.shell:Creating environment hook '/home/pi/ros2_ws/install/sps30_listener/share/sps30_listener/hook/ament_prefix_path.sh'
[2.558s] INFO:colcon.colcon_core.shell:Skip shell extension 'powershell' for command environment: Not usable outside of PowerShell
[2.558s] DEBUG:colcon.colcon_core.shell:Skip shell extension 'dsv' for command environment
[2.596s] INFO:colcon.colcon_ros.task.ament_python.build:Building ROS package in '/home/pi/ros2_ws/src/sps30_publisher' with build type 'ament_python'
[2.598s] Level 1:colcon.colcon_core.shell:create_environment_hook('sps30_publisher', 'ament_prefix_path')
[2.600s] INFO:colcon.colcon_core.shell:Creating environment hook '/home/pi/ros2_ws/install/sps30_publisher/share/sps30_publisher/hook/ament_prefix_path.ps1'
[2.605s] INFO:colcon.colcon_core.shell:Creating environment descriptor '/home/pi/ros2_ws/install/sps30_publisher/share/sps30_publisher/hook/ament_prefix_path.dsv'
[2.609s] INFO:colcon.colcon_core.shell:Creating environment hook '/home/pi/ros2_ws/install/sps30_publisher/share/sps30_publisher/hook/ament_prefix_path.sh'
[2.614s] INFO:colcon.colcon_core.shell:Skip shell extension 'powershell' for command environment: Not usable outside of PowerShell
[2.615s] DEBUG:colcon.colcon_core.shell:Skip shell extension 'dsv' for command environment
[4.892s] INFO:colcon.colcon_core.task.python.build:Building Python package in '/home/pi/ros2_ws/src/sps30_listener'
[4.893s] INFO:colcon.colcon_core.shell:Skip shell extension 'powershell' for command environment: Not usable outside of PowerShell
[4.894s] DEBUG:colcon.colcon_core.shell:Skip shell extension 'dsv' for command environment
[7.175s] INFO:colcon.colcon_core.task.python.build:Building Python package in '/home/pi/ros2_ws/src/sps30_publisher'
[7.176s] INFO:colcon.colcon_core.shell:Skip shell extension 'powershell' for command environment: Not usable outside of PowerShell
[7.177s] DEBUG:colcon.colcon_core.shell:Skip shell extension 'dsv' for command environment
[14.767s] DEBUG:colcon.colcon_core.event_handler.log_command:Invoking command in '/home/pi/ros2_ws/build/sps30_listener': PYTHONPATH=/home/pi/ros2_ws/build/sps30_listener/prefix_override:/usr/lib/python3/dist-packages/colcon_core/task/python/colcon_distutils_commands:/home/pi/ros2_ws/install/sps30_listener/lib/python3.12/site-packages:${PYTHONPATH} /usr/bin/python3 -W ignore:setup.py install is deprecated -W ignore:easy_install command is deprecated setup.py develop --editable --build-directory /home/pi/ros2_ws/build/sps30_listener/build --no-deps symlink_data
[14.795s] DEBUG:colcon.colcon_core.event_handler.log_command:Invoking command in '/home/pi/ros2_ws/build/sps30_publisher': PYTHONPATH=/home/pi/ros2_ws/build/sps30_publisher/prefix_override:/usr/lib/python3/dist-packages/colcon_core/task/python/colcon_distutils_commands:/home/pi/ros2_ws/install/sps30_publisher/lib/python3.12/site-packages:${PYTHONPATH} /usr/bin/python3 -W ignore:setup.py install is deprecated -W ignore:easy_install command is deprecated setup.py develop --editable --build-directory /home/pi/ros2_ws/build/sps30_publisher/build --no-deps symlink_data
[23.522s] Level 1:colcon.colcon_core.shell:create_environment_hook('sps30_listener', 'pythonpath_develop')
[23.524s] INFO:colcon.colcon_core.shell:Creating environment hook '/home/pi/ros2_ws/build/sps30_listener/share/sps30_listener/hook/pythonpath_develop.ps1'
[23.527s] DEBUG:colcon.colcon_core.event_handler.log_command:Invoked command in '/home/pi/ros2_ws/build/sps30_listener' returned '0': PYTHONPATH=/home/pi/ros2_ws/build/sps30_listener/prefix_override:/usr/lib/python3/dist-packages/colcon_core/task/python/colcon_distutils_commands:/home/pi/ros2_ws/install/sps30_listener/lib/python3.12/site-packages:${PYTHONPATH} /usr/bin/python3 -W ignore:setup.py install is deprecated -W ignore:easy_install command is deprecated setup.py develop --editable --build-directory /home/pi/ros2_ws/build/sps30_listener/build --no-deps symlink_data
[23.531s] INFO:colcon.colcon_core.shell:Creating environment descriptor '/home/pi/ros2_ws/build/sps30_listener/share/sps30_listener/hook/pythonpath_develop.dsv'
[23.536s] INFO:colcon.colcon_core.shell:Creating environment hook '/home/pi/ros2_ws/build/sps30_listener/share/sps30_listener/hook/pythonpath_develop.sh'
[23.562s] Level 1:colcon.colcon_core.environment:checking '/home/pi/ros2_ws/install/sps30_listener' for CMake module files
[23.570s] Level 1:colcon.colcon_core.environment:checking '/home/pi/ros2_ws/install/sps30_listener' for CMake config files
[23.577s] Level 1:colcon.colcon_core.environment:checking '/home/pi/ros2_ws/install/sps30_listener/lib'
[23.579s] Level 1:colcon.colcon_core.environment:checking '/home/pi/ros2_ws/install/sps30_listener/bin'
[23.579s] Level 1:colcon.colcon_core.environment:checking '/home/pi/ros2_ws/install/sps30_listener/lib/pkgconfig/sps30_listener.pc'
[23.582s] Level 1:colcon.colcon_core.environment:checking '/home/pi/ros2_ws/install/sps30_listener/lib/python3.12/site-packages'
[23.583s] Level 1:colcon.colcon_core.shell:create_environment_hook('sps30_listener', 'pythonpath')
[23.584s] INFO:colcon.colcon_core.shell:Creating environment hook '/home/pi/ros2_ws/install/sps30_listener/share/sps30_listener/hook/pythonpath.ps1'
[23.588s] INFO:colcon.colcon_core.shell:Creating environment descriptor '/home/pi/ros2_ws/install/sps30_listener/share/sps30_listener/hook/pythonpath.dsv'
[23.591s] INFO:colcon.colcon_core.shell:Creating environment hook '/home/pi/ros2_ws/install/sps30_listener/share/sps30_listener/hook/pythonpath.sh'
[23.597s] Level 1:colcon.colcon_core.environment:checking '/home/pi/ros2_ws/install/sps30_listener/bin'
[23.597s] Level 1:colcon.colcon_core.environment:create_environment_scripts_only(sps30_listener)
[23.600s] INFO:colcon.colcon_core.shell:Creating package script '/home/pi/ros2_ws/install/sps30_listener/share/sps30_listener/package.ps1'
[23.607s] INFO:colcon.colcon_core.shell:Creating package descriptor '/home/pi/ros2_ws/install/sps30_listener/share/sps30_listener/package.dsv'
[23.612s] INFO:colcon.colcon_core.shell:Creating package script '/home/pi/ros2_ws/install/sps30_listener/share/sps30_listener/package.sh'
[23.618s] INFO:colcon.colcon_core.shell:Creating package script '/home/pi/ros2_ws/install/sps30_listener/share/sps30_listener/package.bash'
[23.624s] INFO:colcon.colcon_core.shell:Creating package script '/home/pi/ros2_ws/install/sps30_listener/share/sps30_listener/package.zsh'
[23.629s] Level 1:colcon.colcon_core.environment:create_file_with_runtime_dependencies(/home/pi/ros2_ws/install/sps30_listener/share/colcon-core/packages/sps30_listener)
[23.638s] Level 1:colcon.colcon_core.shell:create_environment_hook('sps30_publisher', 'pythonpath_develop')
[23.641s] INFO:colcon.colcon_core.shell:Creating environment hook '/home/pi/ros2_ws/build/sps30_publisher/share/sps30_publisher/hook/pythonpath_develop.ps1'
[23.642s] DEBUG:colcon.colcon_core.event_handler.log_command:Invoked command in '/home/pi/ros2_ws/build/sps30_publisher' returned '0': PYTHONPATH=/home/pi/ros2_ws/build/sps30_publisher/prefix_override:/usr/lib/python3/dist-packages/colcon_core/task/python/colcon_distutils_commands:/home/pi/ros2_ws/install/sps30_publisher/lib/python3.12/site-packages:${PYTHONPATH} /usr/bin/python3 -W ignore:setup.py install is deprecated -W ignore:easy_install command is deprecated setup.py develop --editable --build-directory /home/pi/ros2_ws/build/sps30_publisher/build --no-deps symlink_data
[23.646s] INFO:colcon.colcon_core.shell:Creating environment descriptor '/home/pi/ros2_ws/build/sps30_publisher/share/sps30_publisher/hook/pythonpath_develop.dsv'
[23.650s] INFO:colcon.colcon_core.shell:Creating environment hook '/home/pi/ros2_ws/build/sps30_publisher/share/sps30_publisher/hook/pythonpath_develop.sh'
[23.655s] Level 1:colcon.colcon_core.environment:checking '/home/pi/ros2_ws/install/sps30_publisher' for CMake module files
[23.660s] Level 1:colcon.colcon_core.environment:checking '/home/pi/ros2_ws/install/sps30_publisher' for CMake config files
[23.666s] Level 1:colcon.colcon_core.environment:checking '/home/pi/ros2_ws/install/sps30_publisher/lib'
[23.667s] Level 1:colcon.colcon_core.environment:checking '/home/pi/ros2_ws/install/sps30_publisher/bin'
[23.667s] Level 1:colcon.colcon_core.environment:checking '/home/pi/ros2_ws/install/sps30_publisher/lib/pkgconfig/sps30_publisher.pc'
[23.669s] Level 1:colcon.colcon_core.environment:checking '/home/pi/ros2_ws/install/sps30_publisher/lib/python3.12/site-packages'
[23.671s] Level 1:colcon.colcon_core.shell:create_environment_hook('sps30_publisher', 'pythonpath')
[23.673s] INFO:colcon.colcon_core.shell:Creating environment hook '/home/pi/ros2_ws/install/sps30_publisher/share/sps30_publisher/hook/pythonpath.ps1'
[23.677s] INFO:colcon.colcon_core.shell:Creating environment descriptor '/home/pi/ros2_ws/install/sps30_publisher/share/sps30_publisher/hook/pythonpath.dsv'
[23.680s] INFO:colcon.colcon_core.shell:Creating environment hook '/home/pi/ros2_ws/install/sps30_publisher/share/sps30_publisher/hook/pythonpath.sh'
[23.686s] Level 1:colcon.colcon_core.environment:checking '/home/pi/ros2_ws/install/sps30_publisher/bin'
[23.687s] Level 1:colcon.colcon_core.environment:create_environment_scripts_only(sps30_publisher)
[23.689s] INFO:colcon.colcon_core.shell:Creating package script '/home/pi/ros2_ws/install/sps30_publisher/share/sps30_publisher/package.ps1'
[23.694s] INFO:colcon.colcon_core.shell:Creating package descriptor '/home/pi/ros2_ws/install/sps30_publisher/share/sps30_publisher/package.dsv'
[23.699s] INFO:colcon.colcon_core.shell:Creating package script '/home/pi/ros2_ws/install/sps30_publisher/share/sps30_publisher/package.sh'
[23.703s] INFO:colcon.colcon_core.shell:Creating package script '/home/pi/ros2_ws/install/sps30_publisher/share/sps30_publisher/package.bash'
[23.707s] INFO:colcon.colcon_core.shell:Creating package script '/home/pi/ros2_ws/install/sps30_publisher/share/sps30_publisher/package.zsh'
[23.710s] Level 1:colcon.colcon_core.environment:create_file_with_runtime_dependencies(/home/pi/ros2_ws/install/sps30_publisher/share/colcon-core/packages/sps30_publisher)
[23.712s] DEBUG:colcon.colcon_parallel_executor.executor.parallel:closing loop
[23.715s] DEBUG:colcon.colcon_parallel_executor.executor.parallel:loop closed
[23.716s] DEBUG:colcon.colcon_parallel_executor.executor.parallel:run_until_complete finished with '0'
[23.717s] DEBUG:colcon.colcon_core.event_reactor:joining thread
[23.763s] INFO:colcon.colcon_core.plugin_system:Skipping extension 'colcon_notification.desktop_notification.terminal_notifier': Not used on non-Darwin systems
[23.763s] INFO:colcon.colcon_core.plugin_system:Skipping extension 'colcon_notification.desktop_notification.win32': Not used on non-Windows systems
[23.764s] INFO:colcon.colcon_notification.desktop_notification:Sending desktop notification using 'notify2'
[48.794s] DEBUG:colcon.colcon_notification.desktop_notification.notify2:Failed to initialize notify2: org.freedesktop.DBus.Error.NoReply: Did not receive a reply. Possible causes include: the remote application did not send a reply, the message bus security policy blocked the reply, the reply timeout expired, or the network connection was broken.
[48.795s] DEBUG:colcon.colcon_core.event_reactor:joined thread
[48.798s] INFO:colcon.colcon_core.shell:Creating prefix script '/home/pi/ros2_ws/install/local_setup.ps1'
[48.809s] INFO:colcon.colcon_core.shell:Creating prefix util module '/home/pi/ros2_ws/install/_local_setup_util_ps1.py'
[48.820s] INFO:colcon.colcon_core.shell:Creating prefix chain script '/home/pi/ros2_ws/install/setup.ps1'
[48.828s] INFO:colcon.colcon_core.shell:Creating prefix script '/home/pi/ros2_ws/install/local_setup.sh'
[48.833s] INFO:colcon.colcon_core.shell:Creating prefix util module '/home/pi/ros2_ws/install/_local_setup_util_sh.py'
[48.838s] INFO:colcon.colcon_core.shell:Creating prefix chain script '/home/pi/ros2_ws/install/setup.sh'
[48.847s] INFO:colcon.colcon_core.shell:Creating prefix script '/home/pi/ros2_ws/install/local_setup.bash'
[48.852s] INFO:colcon.colcon_core.shell:Creating prefix chain script '/home/pi/ros2_ws/install/setup.bash'
[48.861s] INFO:colcon.colcon_core.shell:Creating prefix script '/home/pi/ros2_ws/install/local_setup.zsh'
[48.865s] INFO:colcon.colcon_core.shell:Creating prefix chain script '/home/pi/ros2_ws/install/setup.zsh'
