[12.173s] Invoking command in '/home/pi/ros2_ws/src/sps30_listener': PYTHONPATH=/home/pi/ros2_ws/build/sps30_listener/prefix_override:/usr/lib/python3/dist-packages/colcon_core/task/python/colcon_distutils_commands:/home/pi/ros2_ws/install/sps30_listener/lib/python3.12/site-packages:${PYTHONPATH} /usr/bin/python3 -W ignore:setup.py install is deprecated -W ignore:easy_install command is deprecated setup.py egg_info --egg-base ../../build/sps30_listener build --build-base /home/pi/ros2_ws/build/sps30_listener/build install --record /home/pi/ros2_ws/build/sps30_listener/install.log --single-version-externally-managed install_data
[15.574s] running egg_info
[15.853s] writing ../../build/sps30_listener/sps30_listener.egg-info/PKG-INFO
[15.856s] writing dependency_links to ../../build/sps30_listener/sps30_listener.egg-info/dependency_links.txt
[15.858s] writing entry points to ../../build/sps30_listener/sps30_listener.egg-info/entry_points.txt
[15.860s] writing requirements to ../../build/sps30_listener/sps30_listener.egg-info/requires.txt
[15.862s] writing top-level names to ../../build/sps30_listener/sps30_listener.egg-info/top_level.txt
[16.428s] reading manifest file '../../build/sps30_listener/sps30_listener.egg-info/SOURCES.txt'
[16.436s] writing manifest file '../../build/sps30_listener/sps30_listener.egg-info/SOURCES.txt'
[16.438s] running build
[16.439s] running build_py
[16.441s] running install
[16.512s] running install_lib
[16.796s] running install_data
[16.798s] running install_egg_info
[17.089s] removing '/home/pi/ros2_ws/install/sps30_listener/lib/python3.12/site-packages/sps30_listener-0.0.0-py3.12.egg-info' (and everything under it)
[17.093s] Copying ../../build/sps30_listener/sps30_listener.egg-info to /home/pi/ros2_ws/install/sps30_listener/lib/python3.12/site-packages/sps30_listener-0.0.0-py3.12.egg-info
[17.108s] running install_scripts
[18.931s] Installing sps30_listener script to /home/pi/ros2_ws/install/sps30_listener/lib/sps30_listener
[18.936s] writing list of installed files to '/home/pi/ros2_ws/build/sps30_listener/install.log'
[19.397s] Invoked command in '/home/pi/ros2_ws/src/sps30_listener' returned '0': PYTHONPATH=/home/pi/ros2_ws/build/sps30_listener/prefix_override:/usr/lib/python3/dist-packages/colcon_core/task/python/colcon_distutils_commands:/home/pi/ros2_ws/install/sps30_listener/lib/python3.12/site-packages:${PYTHONPATH} /usr/bin/python3 -W ignore:setup.py install is deprecated -W ignore:easy_install command is deprecated setup.py egg_info --egg-base ../../build/sps30_listener build --build-base /home/pi/ros2_ws/build/sps30_listener/build install --record /home/pi/ros2_ws/build/sps30_listener/install.log --single-version-externally-managed install_data
