/home/pi/ros2_ws/install/sps30_publisher/lib/python3.12/site-packages/sps30/example.py
/home/pi/ros2_ws/install/sps30_publisher/lib/python3.12/site-packages/sps30/run_and_ttn.py
/home/pi/ros2_ws/install/sps30_publisher/lib/python3.12/site-packages/sps30/sps30.py
/home/pi/ros2_ws/install/sps30_publisher/lib/python3.12/site-packages/sps30/__init__.py
/home/pi/ros2_ws/install/sps30_publisher/lib/python3.12/site-packages/sps30/sps30_publisher.py
/home/pi/ros2_ws/install/sps30_publisher/lib/python3.12/site-packages/sps30/i2c/i2c.py
/home/pi/ros2_ws/install/sps30_publisher/lib/python3.12/site-packages/sps30/i2c/__init__.py
/home/pi/ros2_ws/install/sps30_publisher/lib/python3.12/site-packages/sps30/__pycache__/example.cpython-312.pyc
/home/pi/ros2_ws/install/sps30_publisher/lib/python3.12/site-packages/sps30/__pycache__/run_and_ttn.cpython-312.pyc
/home/pi/ros2_ws/install/sps30_publisher/lib/python3.12/site-packages/sps30/__pycache__/sps30.cpython-312.pyc
/home/pi/ros2_ws/install/sps30_publisher/lib/python3.12/site-packages/sps30/__pycache__/__init__.cpython-312.pyc
/home/pi/ros2_ws/install/sps30_publisher/lib/python3.12/site-packages/sps30/__pycache__/sps30_publisher.cpython-312.pyc
/home/pi/ros2_ws/install/sps30_publisher/lib/python3.12/site-packages/sps30/i2c/__pycache__/i2c.cpython-312.pyc
/home/pi/ros2_ws/install/sps30_publisher/lib/python3.12/site-packages/sps30/i2c/__pycache__/__init__.cpython-312.pyc
/home/pi/ros2_ws/install/sps30_publisher/share/ament_index/resource_index/packages/sps30_publisher
/home/pi/ros2_ws/install/sps30_publisher/share/sps30_publisher/package.xml
/home/pi/ros2_ws/install/sps30_publisher/lib/python3.12/site-packages/sps30_publisher-0.0.0-py3.12.egg-info/dependency_links.txt
/home/pi/ros2_ws/install/sps30_publisher/lib/python3.12/site-packages/sps30_publisher-0.0.0-py3.12.egg-info/entry_points.txt
/home/pi/ros2_ws/install/sps30_publisher/lib/python3.12/site-packages/sps30_publisher-0.0.0-py3.12.egg-info/PKG-INFO
/home/pi/ros2_ws/install/sps30_publisher/lib/python3.12/site-packages/sps30_publisher-0.0.0-py3.12.egg-info/zip-safe
/home/pi/ros2_ws/install/sps30_publisher/lib/python3.12/site-packages/sps30_publisher-0.0.0-py3.12.egg-info/top_level.txt
/home/pi/ros2_ws/install/sps30_publisher/lib/python3.12/site-packages/sps30_publisher-0.0.0-py3.12.egg-info/SOURCES.txt
/home/pi/ros2_ws/install/sps30_publisher/lib/python3.12/site-packages/sps30_publisher-0.0.0-py3.12.egg-info/requires.txt
/home/pi/ros2_ws/install/sps30_publisher/lib/sps30_publisher/sps30_publisher
