[12.344s] Invoking command in '/home/pi/ros2_ws/src/sps30_listener': PYTHONPATH=/home/pi/ros2_ws/build/sps30_listener/prefix_override:/usr/lib/python3/dist-packages/colcon_core/task/python/colcon_distutils_commands:/home/pi/ros2_ws/install/sps30_listener/lib/python3.12/site-packages:${PYTHONPATH} /usr/bin/python3 -W ignore:setup.py install is deprecated -W ignore:easy_install command is deprecated setup.py egg_info --egg-base ../../build/sps30_listener build --build-base /home/pi/ros2_ws/build/sps30_listener/build install --record /home/pi/ros2_ws/build/sps30_listener/install.log --single-version-externally-managed install_data
[15.809s] running egg_info
[16.088s] writing ../../build/sps30_listener/sps30_listener.egg-info/PKG-INFO
[16.095s] writing dependency_links to ../../build/sps30_listener/sps30_listener.egg-info/dependency_links.txt
[16.097s] writing entry points to ../../build/sps30_listener/sps30_listener.egg-info/entry_points.txt
[16.102s] writing requirements to ../../build/sps30_listener/sps30_listener.egg-info/requires.txt
[16.103s] writing top-level names to ../../build/sps30_listener/sps30_listener.egg-info/top_level.txt
[16.673s] reading manifest file '../../build/sps30_listener/sps30_listener.egg-info/SOURCES.txt'
[16.680s] writing manifest file '../../build/sps30_listener/sps30_listener.egg-info/SOURCES.txt'
[16.684s] running build
[16.685s] running build_py
[16.690s] copying sps30_listener/listener.py -> /home/pi/ros2_ws/build/sps30_listener/build/lib/sps30_listener
[16.691s] running install
[16.760s] running install_lib
[17.046s] copying /home/pi/ros2_ws/build/sps30_listener/build/lib/sps30_listener/listener.py -> /home/pi/ros2_ws/install/sps30_listener/lib/python3.12/site-packages/sps30_listener
[17.052s] byte-compiling /home/pi/ros2_ws/install/sps30_listener/lib/python3.12/site-packages/sps30_listener/listener.py to listener.cpython-312.pyc
[17.063s] running install_data
[17.065s] running install_egg_info
[17.360s] removing '/home/pi/ros2_ws/install/sps30_listener/lib/python3.12/site-packages/sps30_listener-0.0.0-py3.12.egg-info' (and everything under it)
[17.364s] Copying ../../build/sps30_listener/sps30_listener.egg-info to /home/pi/ros2_ws/install/sps30_listener/lib/python3.12/site-packages/sps30_listener-0.0.0-py3.12.egg-info
[17.378s] running install_scripts
[19.229s] Installing sps30_listener script to /home/pi/ros2_ws/install/sps30_listener/lib/sps30_listener
[19.232s] writing list of installed files to '/home/pi/ros2_ws/build/sps30_listener/install.log'
[19.703s] Invoked command in '/home/pi/ros2_ws/src/sps30_listener' returned '0': PYTHONPATH=/home/pi/ros2_ws/build/sps30_listener/prefix_override:/usr/lib/python3/dist-packages/colcon_core/task/python/colcon_distutils_commands:/home/pi/ros2_ws/install/sps30_listener/lib/python3.12/site-packages:${PYTHONPATH} /usr/bin/python3 -W ignore:setup.py install is deprecated -W ignore:easy_install command is deprecated setup.py egg_info --egg-base ../../build/sps30_listener build --build-base /home/pi/ros2_ws/build/sps30_listener/build install --record /home/pi/ros2_ws/build/sps30_listener/install.log --single-version-externally-managed install_data
