[13.362s] Invoking command in '/home/pi/ros2_ws/src/sps30_listener': PYTHONPATH=/home/pi/ros2_ws/build/sps30_listener/prefix_override:/usr/lib/python3/dist-packages/colcon_core/task/python/colcon_distutils_commands:/home/pi/ros2_ws/install/sps30_listener/lib/python3.12/site-packages:${PYTHONPATH} /usr/bin/python3 -W ignore:setup.py install is deprecated -W ignore:easy_install command is deprecated setup.py egg_info --egg-base ../../build/sps30_listener build --build-base /home/pi/ros2_ws/build/sps30_listener/build install --record /home/pi/ros2_ws/build/sps30_listener/install.log --single-version-externally-managed install_data
[16.803s] running egg_info
[17.085s] writing ../../build/sps30_listener/sps30_listener.egg-info/PKG-INFO
[17.093s] writing dependency_links to ../../build/sps30_listener/sps30_listener.egg-info/dependency_links.txt
[17.097s] writing entry points to ../../build/sps30_listener/sps30_listener.egg-info/entry_points.txt
[17.099s] writing requirements to ../../build/sps30_listener/sps30_listener.egg-info/requires.txt
[17.100s] writing top-level names to ../../build/sps30_listener/sps30_listener.egg-info/top_level.txt
[17.672s] reading manifest file '../../build/sps30_listener/sps30_listener.egg-info/SOURCES.txt'
[17.684s] writing manifest file '../../build/sps30_listener/sps30_listener.egg-info/SOURCES.txt'
[17.688s] running build
[17.689s] running build_py
[17.692s] copying sps30_listener/listener.py -> /home/pi/ros2_ws/build/sps30_listener/build/lib/sps30_listener
[17.693s] running install
[17.764s] running install_lib
[18.051s] copying /home/pi/ros2_ws/build/sps30_listener/build/lib/sps30_listener/listener.py -> /home/pi/ros2_ws/install/sps30_listener/lib/python3.12/site-packages/sps30_listener
[18.063s] byte-compiling /home/pi/ros2_ws/install/sps30_listener/lib/python3.12/site-packages/sps30_listener/listener.py to listener.cpython-312.pyc
[18.073s] running install_data
[18.075s] running install_egg_info
[18.368s] removing '/home/pi/ros2_ws/install/sps30_listener/lib/python3.12/site-packages/sps30_listener-0.0.0-py3.12.egg-info' (and everything under it)
[18.372s] Copying ../../build/sps30_listener/sps30_listener.egg-info to /home/pi/ros2_ws/install/sps30_listener/lib/python3.12/site-packages/sps30_listener-0.0.0-py3.12.egg-info
[18.386s] running install_scripts
[20.250s] Installing sps30_listener script to /home/pi/ros2_ws/install/sps30_listener/lib/sps30_listener
[20.254s] writing list of installed files to '/home/pi/ros2_ws/build/sps30_listener/install.log'
[20.737s] Invoked command in '/home/pi/ros2_ws/src/sps30_listener' returned '0': PYTHONPATH=/home/pi/ros2_ws/build/sps30_listener/prefix_override:/usr/lib/python3/dist-packages/colcon_core/task/python/colcon_distutils_commands:/home/pi/ros2_ws/install/sps30_listener/lib/python3.12/site-packages:${PYTHONPATH} /usr/bin/python3 -W ignore:setup.py install is deprecated -W ignore:easy_install command is deprecated setup.py egg_info --egg-base ../../build/sps30_listener build --build-base /home/pi/ros2_ws/build/sps30_listener/build install --record /home/pi/ros2_ws/build/sps30_listener/install.log --single-version-externally-managed install_data
