running develop
Removing /home/pi/ros2_ws/install/sps30_listener/lib/python3.12/site-packages/sps30-listener.egg-link (link to .)
running egg_info
writing ../../build/sps30_listener/sps30_listener.egg-info/PKG-INFO
writing dependency_links to ../../build/sps30_listener/sps30_listener.egg-info/dependency_links.txt
writing entry points to ../../build/sps30_listener/sps30_listener.egg-info/entry_points.txt
writing requirements to ../../build/sps30_listener/sps30_listener.egg-info/requires.txt
writing top-level names to ../../build/sps30_listener/sps30_listener.egg-info/top_level.txt
reading manifest file '../../build/sps30_listener/sps30_listener.egg-info/SOURCES.txt'
writing manifest file '../../build/sps30_listener/sps30_listener.egg-info/SOURCES.txt'
running build
running build_py
creating /home/pi/ros2_ws/build/sps30_listener/build
creating /home/pi/ros2_ws/build/sps30_listener/build/lib
creating /home/pi/ros2_ws/build/sps30_listener/build/lib/sps30_listener
copying sps30_listener/listener.py -> /home/pi/ros2_ws/build/sps30_listener/build/lib/sps30_listener
copying sps30_listener/__init__.py -> /home/pi/ros2_ws/build/sps30_listener/build/lib/sps30_listener
running install
running install_lib
creating /home/pi/ros2_ws/install/sps30_listener/lib/python3.12/site-packages/sps30_listener
copying /home/pi/ros2_ws/build/sps30_listener/build/lib/sps30_listener/listener.py -> /home/pi/ros2_ws/install/sps30_listener/lib/python3.12/site-packages/sps30_listener
copying /home/pi/ros2_ws/build/sps30_listener/build/lib/sps30_listener/__init__.py -> /home/pi/ros2_ws/install/sps30_listener/lib/python3.12/site-packages/sps30_listener
byte-compiling /home/pi/ros2_ws/install/sps30_listener/lib/python3.12/site-packages/sps30_listener/listener.py to listener.cpython-312.pyc
byte-compiling /home/pi/ros2_ws/install/sps30_listener/lib/python3.12/site-packages/sps30_listener/__init__.py to __init__.cpython-312.pyc
running install_data
copying resource/sps30_listener -> /home/pi/ros2_ws/install/sps30_listener/share/ament_index/resource_index/packages
copying package.xml -> /home/pi/ros2_ws/install/sps30_listener/share/sps30_listener
running install_egg_info
Copying ../../build/sps30_listener/sps30_listener.egg-info to /home/pi/ros2_ws/install/sps30_listener/lib/python3.12/site-packages/sps30_listener-0.0.0-py3.12.egg-info
running install_scripts
Installing sps30_listener script to /home/pi/ros2_ws/install/sps30_listener/lib/sps30_listener
writing list of installed files to '/home/pi/ros2_ws/build/sps30_listener/install.log'
