[12.286s] Invoking command in '/home/pi/ros2_ws/build/sps30_listener': PYTHONPATH=/home/pi/ros2_ws/build/sps30_listener/prefix_override:/usr/lib/python3/dist-packages/colcon_core/task/python/colcon_distutils_commands:/home/pi/ros2_ws/install/sps30_listener/lib/python3.12/site-packages:${PYTHONPATH} /usr/bin/python3 -W ignore:setup.py install is deprecated -W ignore:easy_install command is deprecated setup.py develop --uninstall --editable --build-directory /home/pi/ros2_ws/build/sps30_listener/build
[16.190s] running develop
[19.176s] Removing /home/pi/ros2_ws/install/sps30_listener/lib/python3.12/site-packages/sps30-listener.egg-link (link to .)
[19.579s] Invoked command in '/home/pi/ros2_ws/build/sps30_listener' returned '0': PYTHONPATH=/home/pi/ros2_ws/build/sps30_listener/prefix_override:/usr/lib/python3/dist-packages/colcon_core/task/python/colcon_distutils_commands:/home/pi/ros2_ws/install/sps30_listener/lib/python3.12/site-packages:${PYTHONPATH} /usr/bin/python3 -W ignore:setup.py install is deprecated -W ignore:easy_install command is deprecated setup.py develop --uninstall --editable --build-directory /home/pi/ros2_ws/build/sps30_listener/build
[19.594s] Invoking command in '/home/pi/ros2_ws/src/sps30_listener': PYTHONPATH=/home/pi/ros2_ws/build/sps30_listener/prefix_override:/usr/lib/python3/dist-packages/colcon_core/task/python/colcon_distutils_commands:/home/pi/ros2_ws/install/sps30_listener/lib/python3.12/site-packages:${PYTHONPATH} /usr/bin/python3 -W ignore:setup.py install is deprecated -W ignore:easy_install command is deprecated setup.py egg_info --egg-base ../../build/sps30_listener build --build-base /home/pi/ros2_ws/build/sps30_listener/build install --record /home/pi/ros2_ws/build/sps30_listener/install.log --single-version-externally-managed install_data --force
[23.040s] running egg_info
[23.318s] writing ../../build/sps30_listener/sps30_listener.egg-info/PKG-INFO
[23.321s] writing dependency_links to ../../build/sps30_listener/sps30_listener.egg-info/dependency_links.txt
[23.323s] writing entry points to ../../build/sps30_listener/sps30_listener.egg-info/entry_points.txt
[23.325s] writing requirements to ../../build/sps30_listener/sps30_listener.egg-info/requires.txt
[23.328s] writing top-level names to ../../build/sps30_listener/sps30_listener.egg-info/top_level.txt
[23.896s] reading manifest file '../../build/sps30_listener/sps30_listener.egg-info/SOURCES.txt'
[23.904s] writing manifest file '../../build/sps30_listener/sps30_listener.egg-info/SOURCES.txt'
[23.906s] running build
[23.907s] running build_py
[23.909s] creating /home/pi/ros2_ws/build/sps30_listener/build
[23.911s] creating /home/pi/ros2_ws/build/sps30_listener/build/lib
[23.912s] creating /home/pi/ros2_ws/build/sps30_listener/build/lib/sps30_listener
[23.914s] copying sps30_listener/listener.py -> /home/pi/ros2_ws/build/sps30_listener/build/lib/sps30_listener
[23.915s] copying sps30_listener/__init__.py -> /home/pi/ros2_ws/build/sps30_listener/build/lib/sps30_listener
[23.917s] running install
[23.992s] running install_lib
[24.284s] creating /home/pi/ros2_ws/install/sps30_listener/lib/python3.12/site-packages/sps30_listener
[24.286s] copying /home/pi/ros2_ws/build/sps30_listener/build/lib/sps30_listener/listener.py -> /home/pi/ros2_ws/install/sps30_listener/lib/python3.12/site-packages/sps30_listener
[24.288s] copying /home/pi/ros2_ws/build/sps30_listener/build/lib/sps30_listener/__init__.py -> /home/pi/ros2_ws/install/sps30_listener/lib/python3.12/site-packages/sps30_listener
[24.294s] byte-compiling /home/pi/ros2_ws/install/sps30_listener/lib/python3.12/site-packages/sps30_listener/listener.py to listener.cpython-312.pyc
[24.303s] byte-compiling /home/pi/ros2_ws/install/sps30_listener/lib/python3.12/site-packages/sps30_listener/__init__.py to __init__.cpython-312.pyc
[24.306s] running install_data
[24.308s] copying resource/sps30_listener -> /home/pi/ros2_ws/install/sps30_listener/share/ament_index/resource_index/packages
[24.309s] copying package.xml -> /home/pi/ros2_ws/install/sps30_listener/share/sps30_listener
[24.311s] running install_egg_info
[24.626s] Copying ../../build/sps30_listener/sps30_listener.egg-info to /home/pi/ros2_ws/install/sps30_listener/lib/python3.12/site-packages/sps30_listener-0.0.0-py3.12.egg-info
[24.640s] running install_scripts
[26.526s] Installing sps30_listener script to /home/pi/ros2_ws/install/sps30_listener/lib/sps30_listener
[26.530s] writing list of installed files to '/home/pi/ros2_ws/build/sps30_listener/install.log'
[26.893s] Invoked command in '/home/pi/ros2_ws/src/sps30_listener' returned '0': PYTHONPATH=/home/pi/ros2_ws/build/sps30_listener/prefix_override:/usr/lib/python3/dist-packages/colcon_core/task/python/colcon_distutils_commands:/home/pi/ros2_ws/install/sps30_listener/lib/python3.12/site-packages:${PYTHONPATH} /usr/bin/python3 -W ignore:setup.py install is deprecated -W ignore:easy_install command is deprecated setup.py egg_info --egg-base ../../build/sps30_listener build --build-base /home/pi/ros2_ws/build/sps30_listener/build install --record /home/pi/ros2_ws/build/sps30_listener/install.log --single-version-externally-managed install_data --force
