[12.909s] Invoking command in '/home/pi/ros2_ws/src/sps30_listener': PYTHONPATH=/home/pi/ros2_ws/build/sps30_listener/prefix_override:/usr/lib/python3/dist-packages/colcon_core/task/python/colcon_distutils_commands:/home/pi/ros2_ws/install/sps30_listener/lib/python3.12/site-packages:${PYTHONPATH} /usr/bin/python3 -W ignore:setup.py install is deprecated -W ignore:easy_install command is deprecated setup.py egg_info --egg-base ../../build/sps30_listener build --build-base /home/pi/ros2_ws/build/sps30_listener/build install --record /home/pi/ros2_ws/build/sps30_listener/install.log --single-version-externally-managed install_data
[16.384s] running egg_info
[16.667s] writing ../../build/sps30_listener/sps30_listener.egg-info/PKG-INFO
[16.669s] writing dependency_links to ../../build/sps30_listener/sps30_listener.egg-info/dependency_links.txt
[16.672s] writing entry points to ../../build/sps30_listener/sps30_listener.egg-info/entry_points.txt
[16.674s] writing requirements to ../../build/sps30_listener/sps30_listener.egg-info/requires.txt
[16.675s] writing top-level names to ../../build/sps30_listener/sps30_listener.egg-info/top_level.txt
[17.255s] reading manifest file '../../build/sps30_listener/sps30_listener.egg-info/SOURCES.txt'
[17.266s] writing manifest file '../../build/sps30_listener/sps30_listener.egg-info/SOURCES.txt'
[17.268s] running build
[17.269s] running build_py
[17.270s] copying sps30_listener/listener.py -> /home/pi/ros2_ws/build/sps30_listener/build/lib/sps30_listener
[17.276s] running install
[17.349s] running install_lib
[17.637s] copying /home/pi/ros2_ws/build/sps30_listener/build/lib/sps30_listener/listener.py -> /home/pi/ros2_ws/install/sps30_listener/lib/python3.12/site-packages/sps30_listener
[17.643s] byte-compiling /home/pi/ros2_ws/install/sps30_listener/lib/python3.12/site-packages/sps30_listener/listener.py to listener.cpython-312.pyc
[17.655s] running install_data
[17.657s] running install_egg_info
[17.954s] removing '/home/pi/ros2_ws/install/sps30_listener/lib/python3.12/site-packages/sps30_listener-0.0.0-py3.12.egg-info' (and everything under it)
[17.958s] Copying ../../build/sps30_listener/sps30_listener.egg-info to /home/pi/ros2_ws/install/sps30_listener/lib/python3.12/site-packages/sps30_listener-0.0.0-py3.12.egg-info
[17.972s] running install_scripts
[19.841s] Installing sps30_listener script to /home/pi/ros2_ws/install/sps30_listener/lib/sps30_listener
[19.844s] writing list of installed files to '/home/pi/ros2_ws/build/sps30_listener/install.log'
[20.213s] Invoked command in '/home/pi/ros2_ws/src/sps30_listener' returned '0': PYTHONPATH=/home/pi/ros2_ws/build/sps30_listener/prefix_override:/usr/lib/python3/dist-packages/colcon_core/task/python/colcon_distutils_commands:/home/pi/ros2_ws/install/sps30_listener/lib/python3.12/site-packages:${PYTHONPATH} /usr/bin/python3 -W ignore:setup.py install is deprecated -W ignore:easy_install command is deprecated setup.py egg_info --egg-base ../../build/sps30_listener build --build-base /home/pi/ros2_ws/build/sps30_listener/build install --record /home/pi/ros2_ws/build/sps30_listener/install.log --single-version-externally-managed install_data
